2026-01-17 22:28:22 [[32mINFO[0m] [量化交易系统.strategy] 策略保存成功: 我的策略
2026-01-17 23:00:46 [[32mINFO[0m] [量化交易系统.data] 正在初始化 AkShare 数据源
2026-01-17 23:00:46 [[32mINFO[0m] [量化交易系统.data] AkShare 导入成功
2026-01-17 23:00:47 [[31mERROR[0m] [量化交易系统.data] 获取股票列表失败: 'NoneType' object has no attribute 'write'
2026-01-17 23:01:28 [[32mINFO[0m] [量化交易系统.data] 正在初始化 AkShare 数据源
2026-01-17 23:01:28 [[32mINFO[0m] [量化交易系统.data] AkShare 导入成功
2026-01-17 23:01:29 [[31mERROR[0m] [量化交易系统.data] 获取股票列表失败: 'NoneType' object has no attribute 'write'
2026-01-17 23:15:00 [[32mINFO[0m] [量化交易系统.data] 正在初始化 AkShare 数据源
2026-01-17 23:15:00 [[32mINFO[0m] [量化交易系统.data] AkShare 导入成功
2026-01-17 23:15:01 [[31mERROR[0m] [量化交易系统.data] 获取股票列表失败: 'NoneType' object has no attribute 'write'
2026-01-17 23:29:15 [[32mINFO[0m] [量化交易系统.data] 正在初始化 AkShare 数据源
2026-01-17 23:29:15 [[32mINFO[0m] [量化交易系统.data] AkShare 导入成功
2026-01-17 23:29:16 [[31mERROR[0m] [量化交易系统.data] 获取股票列表失败: 'NoneType' object has no attribute 'write'
2026-01-17 23:37:34 [[32mINFO[0m] [量化交易系统.data] 正在初始化 AkShare 数据源
2026-01-17 23:37:34 [[32mINFO[0m] [量化交易系统.data] AkShare 导入成功
2026-01-17 23:37:35 [[31mERROR[0m] [量化交易系统.data] 获取股票列表失败: 'NoneType' object has no attribute 'write'
2026-01-17 23:50:01 [[32mINFO[0m] [量化交易系统.data] 正在初始化 AkShare 数据源
2026-01-17 23:50:01 [[32mINFO[0m] [量化交易系统.data] AkShare 导入成功
2026-01-17 23:50:02 [[31mERROR[0m] [量化交易系统.data] 获取股票列表失败: 'NoneType' object has no attribute 'write'
2026-01-17 23:50:14 [[32mINFO[0m] [量化交易系统.data] 正在初始化 AkShare 数据源
2026-01-17 23:50:14 [[32mINFO[0m] [量化交易系统.data] AkShare 导入成功
2026-01-17 23:50:15 [[32mINFO[0m] [量化交易系统.data] 成功获取 688472 [2025-01-17 - 2026-01-17] 共 242 条 K 线数据
2026-01-18 00:05:06 [[32mINFO[0m] [量化交易系统.data] 正在初始化 AkShare 数据源
2026-01-18 00:05:06 [[32mINFO[0m] [量化交易系统.data] AkShare 导入成功
2026-01-18 00:05:07 [[32mINFO[0m] [量化交易系统.data] 成功获取 000001 [2025-01-18 - 2026-01-18] 共 241 条 K 线数据
2026-01-18 00:15:40 [[32mINFO[0m] [量化交易系统.data] 正在初始化 AkShare 数据源
2026-01-18 00:15:40 [[32mINFO[0m] [量化交易系统.data] AkShare 导入成功
2026-01-18 00:15:41 [[32mINFO[0m] [量化交易系统.data] 成功获取 000001 [2025-01-18 - 2026-01-18] 共 241 条 K 线数据
2026-01-18 00:37:01 [[32mINFO[0m] [量化交易系统.data] 正在初始化 AkShare 数据源
2026-01-18 00:37:01 [[32mINFO[0m] [量化交易系统.data] AkShare 导入成功
2026-01-18 00:37:02 [[32mINFO[0m] [量化交易系统.data] 成功获取 000001 [2025-01-18 - 2026-01-18] 共 241 条 K 线数据
2026-01-18 01:00:39 [[32mINFO[0m] [量化交易系统.data] 正在初始化 AkShare 数据源
2026-01-18 01:00:39 [[32mINFO[0m] [量化交易系统.data] AkShare 导入成功
2026-01-18 01:00:39 [[32mINFO[0m] [量化交易系统.data] 成功获取 000001 [2025-01-18 - 2026-01-18] 共 241 条 K 线数据
2026-01-18 01:17:05 [[32mINFO[0m] [量化交易系统.strategy] 策略保存成功: 我的策略
2026-01-18 01:40:31 [[32mINFO[0m] [量化交易系统.strategy] 策略保存成功: 我的策略
2026-01-18 01:40:42 [[32mINFO[0m] [量化交易系统.strategy] 策略保存成功: 我的策略2
2026-01-18 02:06:50 [[32mINFO[0m] [量化交易系统.data] 正在初始化 AkShare 数据源
2026-01-18 02:06:50 [[32mINFO[0m] [量化交易系统.data] AkShare 导入成功
2026-01-18 02:06:51 [[31mERROR[0m] [量化交易系统.data] 获取股票列表失败: 'NoneType' object has no attribute 'write'
2026-01-18 09:30:34 [[32mINFO[0m] [量化交易系统.data] 正在初始化 AkShare 数据源
2026-01-18 09:30:34 [[32mINFO[0m] [量化交易系统.data] AkShare 导入成功
2026-01-18 09:36:34 [[32mINFO[0m] [量化交易系统.data] 正在初始化 AkShare 数据源
2026-01-18 09:36:34 [[32mINFO[0m] [量化交易系统.data] AkShare 导入成功
2026-01-18 09:40:43 [[32mINFO[0m] [量化交易系统.data] 正在初始化 AkShare 数据源
2026-01-18 09:40:43 [[32mINFO[0m] [量化交易系统.data] AkShare 导入成功
2026-01-18 09:48:22 [[32mINFO[0m] [量化交易系统.data] 正在初始化 AkShare 数据源
2026-01-18 09:48:22 [[32mINFO[0m] [量化交易系统.data] AkShare 导入成功
2026-01-18 10:07:02 [[32mINFO[0m] [量化交易系统.data] 正在初始化 AkShare 数据源
2026-01-18 10:07:02 [[32mINFO[0m] [量化交易系统.data] AkShare 导入成功
2026-01-18 10:09:31 [[32mINFO[0m] [量化交易系统.data] 正在初始化 AkShare 数据源
2026-01-18 10:09:31 [[32mINFO[0m] [量化交易系统.data] AkShare 导入成功
2026-01-18 10:09:32 [[32mINFO[0m] [量化交易系统.data] 成功获取 688472 [2025-01-18 - 2026-01-18] 共 241 条 K 线数据
2026-01-18 10:10:48 [[32mINFO[0m] [量化交易系统.data] 成功获取 000001 [2025-05-13 - 2026-01-18] 共 170 条 K 线数据
2026-01-18 10:19:28 [[32mINFO[0m] [量化交易系统.data] 正在初始化 AkShare 数据源
2026-01-18 10:19:28 [[32mINFO[0m] [量化交易系统.data] AkShare 导入成功
2026-01-18 10:19:31 [[32mINFO[0m] [量化交易系统.data] 成功获取 000001 [2025-05-13 - 2026-01-18] 共 170 条 K 线数据
2026-01-18 10:19:40 [[32mINFO[0m] [量化交易系统.data] 成功获取 600000 [2025-05-13 - 2026-01-18] 共 170 条 K 线数据
2026-01-18 10:20:56 [[32mINFO[0m] [量化交易系统.data] 正在初始化 AkShare 数据源
2026-01-18 10:20:56 [[32mINFO[0m] [量化交易系统.data] AkShare 导入成功
2026-01-18 10:20:57 [[32mINFO[0m] [量化交易系统.data] 成功获取 600000 [2025-01-18 - 2026-01-18] 共 241 条 K 线数据
2026-01-18 10:21:17 [[32mINFO[0m] [量化交易系统.data] 正在初始化 AkShare 数据源
2026-01-18 10:21:17 [[32mINFO[0m] [量化交易系统.data] AkShare 导入成功
2026-01-18 10:21:18 [[32mINFO[0m] [量化交易系统.data] 成功获取 600000 [2025-01-18 - 2026-01-18] 共 241 条 K 线数据
2026-01-18 10:21:23 [[32mINFO[0m] [量化交易系统.data] 正在初始化 AkShare 数据源
2026-01-18 10:21:23 [[32mINFO[0m] [量化交易系统.data] AkShare 导入成功
2026-01-18 10:21:24 [[32mINFO[0m] [量化交易系统.data] 成功获取 600000 [2025-01-18 - 2026-01-18] 共 241 条 K 线数据
2026-01-18 10:21:30 [[32mINFO[0m] [量化交易系统.data] 成功获取 600036 [2025-05-13 - 2026-01-18] 共 170 条 K 线数据
2026-01-18 10:21:35 [[32mINFO[0m] [量化交易系统.data] 正在初始化 AkShare 数据源
2026-01-18 10:21:35 [[32mINFO[0m] [量化交易系统.data] AkShare 导入成功
2026-01-18 10:21:36 [[32mINFO[0m] [量化交易系统.data] 成功获取 600036 [2025-01-18 - 2026-01-18] 共 241 条 K 线数据
2026-01-18 10:21:42 [[32mINFO[0m] [量化交易系统.data] 正在初始化 AkShare 数据源
2026-01-18 10:21:42 [[32mINFO[0m] [量化交易系统.data] AkShare 导入成功
2026-01-18 10:21:43 [[32mINFO[0m] [量化交易系统.data] 成功获取 600036 [2025-01-18 - 2026-01-18] 共 241 条 K 线数据
2026-01-18 10:21:47 [[32mINFO[0m] [量化交易系统.data] 成功获取 601318 [2025-05-13 - 2026-01-18] 共 170 条 K 线数据
2026-01-18 10:21:53 [[32mINFO[0m] [量化交易系统.data] 正在初始化 AkShare 数据源
2026-01-18 10:21:53 [[32mINFO[0m] [量化交易系统.data] AkShare 导入成功
2026-01-18 10:21:54 [[32mINFO[0m] [量化交易系统.data] 成功获取 601318 [2025-01-18 - 2026-01-18] 共 241 条 K 线数据
2026-01-18 11:06:51 [[32mINFO[0m] [量化交易系统.data] 正在初始化 AkShare 数据源
2026-01-18 11:06:51 [[32mINFO[0m] [量化交易系统.data] AkShare 导入成功
2026-01-18 11:09:06 [[32mINFO[0m] [量化交易系统.data] 正在初始化 AkShare 数据源
2026-01-18 11:09:06 [[32mINFO[0m] [量化交易系统.data] AkShare 导入成功
2026-01-18 11:09:07 [[32mINFO[0m] [量化交易系统.data] 成功获取 000001 [2025-01-18 - 2026-01-18] 共 241 条 K 线数据
2026-01-18 11:53:33 [[32mINFO[0m] [量化交易系统.data] 正在初始化 AkShare 数据源
2026-01-18 11:53:33 [[32mINFO[0m] [量化交易系统.data] AkShare 导入成功
2026-01-18 12:34:49 [[32mINFO[0m] [量化交易系统.data] 正在初始化 AkShare 数据源
2026-01-18 12:34:49 [[32mINFO[0m] [量化交易系统.data] AkShare 导入成功
2026-01-18 12:34:53 [[32mINFO[0m] [量化交易系统.data] 成功获取 000001 [2025-05-13 - 2026-01-18] 共 170 条 K 线数据
2026-01-18 12:39:30 [[32mINFO[0m] [量化交易系统.data] 成功获取 000002 [2025-05-13 - 2026-01-18] 共 170 条 K 线数据
2026-01-18 12:39:31 [[32mINFO[0m] [量化交易系统.data] 成功获取 600000 [2025-05-13 - 2026-01-18] 共 170 条 K 线数据
2026-01-18 12:39:31 [[32mINFO[0m] [量化交易系统.data] 成功获取 600036 [2025-05-13 - 2026-01-18] 共 170 条 K 线数据
2026-01-18 12:39:34 [[32mINFO[0m] [量化交易系统.data] 成功获取 601318 [2025-05-13 - 2026-01-18] 共 170 条 K 线数据
2026-01-18 12:39:35 [[32mINFO[0m] [量化交易系统.data] 成功获取 688472 [2025-05-13 - 2026-01-18] 共 170 条 K 线数据
2026-01-18 13:30:22 [[32mINFO[0m] [量化交易系统.data] 正在初始化 AkShare 数据源
2026-01-18 13:30:22 [[32mINFO[0m] [量化交易系统.data] AkShare 导入成功
2026-01-18 13:30:48 [[32mINFO[0m] [量化交易系统.data] 成功获取 000001 [2025-05-13 - 2026-01-18] 共 170 条 K 线数据
2026-01-18 13:30:51 [[32mINFO[0m] [量化交易系统.data] 成功获取 000002 [2025-05-13 - 2026-01-18] 共 170 条 K 线数据
2026-01-18 13:30:59 [[32mINFO[0m] [量化交易系统.data] 成功获取 600000 [2025-05-13 - 2026-01-18] 共 170 条 K 线数据
2026-01-18 13:31:01 [[32mINFO[0m] [量化交易系统.data] 成功获取 600036 [2025-05-13 - 2026-01-18] 共 170 条 K 线数据
2026-01-18 13:31:02 [[32mINFO[0m] [量化交易系统.data] 成功获取 601318 [2025-05-13 - 2026-01-18] 共 170 条 K 线数据
2026-01-18 13:31:08 [[32mINFO[0m] [量化交易系统.data] 成功获取 688472 [2025-05-13 - 2026-01-18] 共 170 条 K 线数据
2026-01-18 13:44:19 [[32mINFO[0m] [量化交易系统.data] 正在初始化 AkShare 数据源
2026-01-18 13:44:19 [[32mINFO[0m] [量化交易系统.data] AkShare 导入成功
2026-01-18 13:44:21 [[32mINFO[0m] [量化交易系统.data] 成功获取 000001 [2025-05-13 - 2026-01-18] 共 170 条 K 线数据
2026-01-18 13:44:29 [[32mINFO[0m] [量化交易系统.data] 正在初始化 AkShare 数据源
2026-01-18 13:44:29 [[32mINFO[0m] [量化交易系统.data] AkShare 导入成功
2026-01-18 13:44:30 [[32mINFO[0m] [量化交易系统.data] 成功获取 000001 [2025-05-13 - 2026-01-18] 共 170 条 K 线数据
2026-01-18 13:44:42 [[32mINFO[0m] [量化交易系统.data] 正在初始化 AkShare 数据源
2026-01-18 13:44:42 [[32mINFO[0m] [量化交易系统.data] AkShare 导入成功
2026-01-18 13:44:43 [[32mINFO[0m] [量化交易系统.data] 成功获取 000001 [2025-05-13 - 2026-01-18] 共 170 条 K 线数据
2026-01-18 13:44:47 [[32mINFO[0m] [量化交易系统.data] 正在初始化 AkShare 数据源
2026-01-18 13:44:47 [[32mINFO[0m] [量化交易系统.data] AkShare 导入成功
2026-01-18 13:44:48 [[32mINFO[0m] [量化交易系统.data] 成功获取 000001 [2025-05-13 - 2026-01-18] 共 170 条 K 线数据
2026-01-18 13:45:23 [[32mINFO[0m] [量化交易系统.data] 正在初始化 AkShare 数据源
2026-01-18 13:45:23 [[32mINFO[0m] [量化交易系统.data] AkShare 导入成功
2026-01-18 13:45:25 [[32mINFO[0m] [量化交易系统.data] 成功获取 000001 [2025-05-13 - 2026-01-18] 共 170 条 K 线数据
2026-01-18 13:48:40 [[32mINFO[0m] [量化交易系统.data] 正在初始化 AkShare 数据源
2026-01-18 13:48:40 [[32mINFO[0m] [量化交易系统.data] AkShare 导入成功
2026-01-18 13:48:41 [[32mINFO[0m] [量化交易系统.data] 成功获取 000001 [2025-05-13 - 2026-01-18] 共 170 条 K 线数据
2026-01-18 13:52:19 [[32mINFO[0m] [量化交易系统.data] 正在初始化 AkShare 数据源
2026-01-18 13:52:19 [[32mINFO[0m] [量化交易系统.data] AkShare 导入成功
2026-01-18 13:52:21 [[32mINFO[0m] [量化交易系统.data] 成功获取 000001 [2025-05-13 - 2026-01-18] 共 170 条 K 线数据
2026-01-18 13:52:35 [[32mINFO[0m] [量化交易系统.data] 正在初始化 AkShare 数据源
2026-01-18 13:52:35 [[32mINFO[0m] [量化交易系统.data] AkShare 导入成功
2026-01-18 13:52:36 [[32mINFO[0m] [量化交易系统.data] 成功获取 000001 [2025-05-13 - 2026-01-18] 共 170 条 K 线数据
2026-01-18 13:52:43 [[32mINFO[0m] [量化交易系统.data] 正在初始化 AkShare 数据源
2026-01-18 13:52:43 [[32mINFO[0m] [量化交易系统.data] AkShare 导入成功
2026-01-18 13:52:44 [[32mINFO[0m] [量化交易系统.data] 成功获取 000001 [2025-05-13 - 2026-01-18] 共 170 条 K 线数据
2026-01-18 13:58:11 [[32mINFO[0m] [量化交易系统.data] 正在初始化 AkShare 数据源
2026-01-18 13:58:11 [[32mINFO[0m] [量化交易系统.data] AkShare 导入成功
2026-01-18 13:58:13 [[32mINFO[0m] [量化交易系统.data] 成功获取 000001 [2025-05-13 - 2026-01-18] 共 170 条 K 线数据
2026-01-18 13:59:13 [[32mINFO[0m] [量化交易系统.data] 正在初始化 AkShare 数据源
2026-01-18 13:59:13 [[32mINFO[0m] [量化交易系统.data] AkShare 导入成功
2026-01-18 13:59:15 [[32mINFO[0m] [量化交易系统.data] 成功获取 000001 [2025-05-13 - 2026-01-18] 共 170 条 K 线数据
2026-01-18 13:59:23 [[32mINFO[0m] [量化交易系统.data] 成功获取 000002 [2025-05-13 - 2026-01-18] 共 170 条 K 线数据
2026-01-18 13:59:24 [[32mINFO[0m] [量化交易系统.data] 成功获取 600000 [2025-05-13 - 2026-01-18] 共 170 条 K 线数据
2026-01-18 13:59:24 [[32mINFO[0m] [量化交易系统.data] 成功获取 600036 [2025-05-13 - 2026-01-18] 共 170 条 K 线数据
2026-01-18 13:59:46 [[32mINFO[0m] [量化交易系统.data] 成功获取 601318 [2025-05-13 - 2026-01-18] 共 170 条 K 线数据
2026-01-18 13:59:47 [[32mINFO[0m] [量化交易系统.data] 成功获取 688472 [2025-05-13 - 2026-01-18] 共 170 条 K 线数据
2026-01-18 14:05:39 [[32mINFO[0m] [量化交易系统.data] 正在初始化 AkShare 数据源
2026-01-18 14:05:39 [[32mINFO[0m] [量化交易系统.data] AkShare 导入成功
2026-01-18 14:05:41 [[32mINFO[0m] [量化交易系统.data] 成功获取 000001 [2025-05-13 - 2026-01-18] 共 170 条 K 线数据
2026-01-18 14:23:47 [[32mINFO[0m] [量化交易系统.data] 正在初始化 AkShare 数据源
2026-01-18 14:23:47 [[32mINFO[0m] [量化交易系统.data] AkShare 导入成功
2026-01-18 14:23:49 [[32mINFO[0m] [量化交易系统.data] 成功获取 000001 [2025-05-13 - 2026-01-18] 共 170 条 K 线数据
2026-01-18 14:26:07 [[32mINFO[0m] [量化交易系统.data] 正在初始化 AkShare 数据源
2026-01-18 14:26:07 [[32mINFO[0m] [量化交易系统.data] AkShare 导入成功
2026-01-18 14:26:08 [[32mINFO[0m] [量化交易系统.data] 成功获取 000001 [2025-05-13 - 2026-01-18] 共 170 条 K 线数据
2026-01-18 15:28:12 [[32mINFO[0m] [量化交易系统.data] 正在初始化 AkShare 数据源
2026-01-18 15:28:12 [[32mINFO[0m] [量化交易系统.data] AkShare 导入成功
2026-01-18 15:28:14 [[32mINFO[0m] [量化交易系统.data] 成功获取 000001 [2025-05-13 - 2026-01-18] 共 170 条 K 线数据
