2026-01-18 15:48:01 [INFO] [simulated] 连接模拟交易服务器...
2026-01-18 15:48:01 [INFO] [simulated] 连接成功
2026-01-18 15:48:01 [INFO] [simulated] 已断开连接
2026-01-18 15:48:01 [INFO] [simulated] 连接模拟交易服务器...
2026-01-18 15:48:01 [INFO] [simulated] 连接成功
2026-01-18 15:48:01 [INFO] [simulated] 登录模拟账户...
2026-01-18 15:48:01 [INFO] [simulated] 登录成功
2026-01-18 15:48:02 [INFO] [simulated] 已断开连接
2026-01-18 15:48:02 [ERROR] [simulated] 请先连接服务器
2026-01-18 15:48:02 [INFO] [simulated] 连接模拟交易服务器...
2026-01-18 15:48:02 [INFO] [simulated] 连接成功
2026-01-18 15:48:02 [INFO] [simulated] 登录模拟账户...
2026-01-18 15:48:02 [INFO] [simulated] 登录成功
2026-01-18 15:48:02 [INFO] [simulated] 委托已提交: SIM00000001 000001 买入 1000股 @ 10.00
2026-01-18 15:48:02 [INFO] [simulated] 已断开连接
2026-01-18 15:48:02 [INFO] [simulated] 连接模拟交易服务器...
2026-01-18 15:48:02 [INFO] [simulated] 连接成功
2026-01-18 15:48:02 [INFO] [simulated] 登录模拟账户...
2026-01-18 15:48:03 [INFO] [simulated] 登录成功
2026-01-18 15:48:03 [INFO] [simulated] 已断开连接
2026-01-18 15:48:03 [INFO] [simulated] 连接模拟交易服务器...
2026-01-18 15:48:03 [INFO] [simulated] 连接成功
2026-01-18 15:48:03 [INFO] [simulated] 登录模拟账户...
2026-01-18 15:48:03 [INFO] [simulated] 登录成功
2026-01-18 15:48:03 [INFO] [simulated] 已断开连接
2026-01-18 15:48:03 [INFO] [simulated] 连接模拟交易服务器...
2026-01-18 15:48:04 [INFO] [simulated] 连接成功
2026-01-18 15:48:04 [INFO] [simulated] 登录模拟账户...
2026-01-18 15:48:04 [INFO] [simulated] 登录成功
2026-01-18 15:48:04 [INFO] [simulated] 委托已提交: SIM00000001 000001 买入 100股 @ 5.00
2026-01-18 15:48:04 [INFO] [simulated] 订单已撤销: SIM00000001
2026-01-18 15:48:04 [INFO] [simulated] 已断开连接
2026-01-18 15:48:04 [INFO] [simulated] 连接模拟交易服务器...
2026-01-18 15:48:04 [INFO] [simulated] 连接成功
2026-01-18 15:48:04 [INFO] [simulated] 登录模拟账户...
2026-01-18 15:48:04 [INFO] [simulated] 登录成功
2026-01-18 15:48:05 [INFO] [simulated] 已断开连接
2026-01-18 15:48:05 [INFO] [simulated] 连接模拟交易服务器...
2026-01-18 15:48:05 [INFO] [simulated] 连接成功
2026-01-18 15:48:05 [INFO] [simulated] 登录模拟账户...
2026-01-18 15:48:05 [INFO] [simulated] 登录成功
2026-01-18 15:48:05 [INFO] [simulated] 委托已提交: SIM00000001 000001 买入 100股 @ 10.00
2026-01-18 15:48:05 [INFO] [simulated] 订单成交: SIM00000001 000001 买入 100股 @ 10.00
2026-01-18 15:48:05 [INFO] [simulated] 已断开连接
2026-01-18 15:48:05 [INFO] [simulated] 连接模拟交易服务器...
2026-01-18 15:48:06 [INFO] [simulated] 连接成功
2026-01-18 15:48:06 [INFO] [simulated] 登录模拟账户...
2026-01-18 15:48:06 [INFO] [simulated] 登录成功
2026-01-18 15:48:06 [INFO] [simulated] 已断开连接
2026-01-18 15:48:06 [INFO] [simulated] 连接模拟交易服务器...
2026-01-18 15:48:06 [INFO] [simulated] 连接成功
2026-01-18 15:48:06 [INFO] [simulated] 登录模拟账户...
2026-01-18 15:48:06 [INFO] [simulated] 登录成功
2026-01-18 15:48:06 [INFO] 交易已启动
2026-01-18 15:48:06 [INFO] [simulated] 委托已提交: SIM00000001 000001 买入 100股 @ 10.00
2026-01-18 15:48:07 [INFO] [simulated] 订单成交: SIM00000001 000001 买入 100股 @ 10.00
2026-01-18 15:48:07 [INFO] 交易已停止
2026-01-18 15:48:07 [INFO] [simulated] 已断开连接
2026-01-18 15:48:07 [INFO] [simulated] 连接模拟交易服务器...
2026-01-18 15:48:07 [INFO] [simulated] 连接成功
2026-01-18 15:48:07 [INFO] [simulated] 登录模拟账户...
2026-01-18 15:48:07 [INFO] [simulated] 登录成功
2026-01-18 15:48:07 [INFO] [simulated] 已断开连接
2026-01-18 15:48:07 [INFO] [simulated] 连接模拟交易服务器...
2026-01-18 15:48:08 [INFO] [simulated] 连接成功
2026-01-18 15:48:08 [INFO] [simulated] 登录模拟账户...
2026-01-18 15:48:08 [INFO] [simulated] 登录成功
2026-01-18 15:48:08 [INFO] 交易已启动
2026-01-18 15:48:08 [INFO] [simulated] 委托已提交: SIM00000001 000001 买入 100股 @ 10.00
2026-01-18 15:48:08 [INFO] [simulated] 订单成交: SIM00000001 000001 买入 100股 @ 10.00
2026-01-18 15:48:08 [INFO] [simulated] 已断开连接
2026-01-18 15:48:08 [INFO] [REST-huatai] 正在连接交易网关...
2026-01-18 15:48:08 [INFO] [REST-huatai] 连接成功
2026-01-18 15:48:08 [INFO] [REST-huatai] 账户 mock_account 登录成功
2026-01-18 15:48:08 [INFO] [REST-huatai] 正在连接交易网关...
2026-01-18 15:48:08 [INFO] [REST-huatai] 连接成功
2026-01-18 15:48:08 [INFO] [REST-huatai] 账户 mock_account 登录成功
2026-01-18 15:48:08 [INFO] [REST-huatai] 正在连接交易网关...
2026-01-18 15:48:08 [INFO] [REST-huatai] 连接成功
2026-01-18 15:48:08 [INFO] [REST-huatai] 账户 mock_account 登录成功
