2026-01-18 15:48:01 [[32mINFO[0m] [æ˜Ÿè¡¡é‡åŒ–å¹³å°.trade] [simulated] è¿æ¥æ¨¡æ‹Ÿäº¤æ˜“æœåŠ¡å™¨...
2026-01-18 15:48:01 [[32mINFO[0m] [æ˜Ÿè¡¡é‡åŒ–å¹³å°.trade] [simulated] è¿æ¥æˆåŠŸ
2026-01-18 15:48:01 [[32mINFO[0m] [æ˜Ÿè¡¡é‡åŒ–å¹³å°.trade] [simulated] å·²æ–­å¼€è¿æ¥
2026-01-18 15:48:01 [[32mINFO[0m] [æ˜Ÿè¡¡é‡åŒ–å¹³å°.trade] [simulated] è¿æ¥æ¨¡æ‹Ÿäº¤æ˜“æœåŠ¡å™¨...
2026-01-18 15:48:01 [[32mINFO[0m] [æ˜Ÿè¡¡é‡åŒ–å¹³å°.trade] [simulated] è¿æ¥æˆåŠŸ
2026-01-18 15:48:01 [[32mINFO[0m] [æ˜Ÿè¡¡é‡åŒ–å¹³å°.trade] [simulated] ç™»å½•æ¨¡æ‹Ÿè´¦æˆ·...
2026-01-18 15:48:01 [[32mINFO[0m] [æ˜Ÿè¡¡é‡åŒ–å¹³å°.trade] [simulated] ç™»å½•æˆåŠŸ
2026-01-18 15:48:02 [[32mINFO[0m] [æ˜Ÿè¡¡é‡åŒ–å¹³å°.trade] [simulated] å·²æ–­å¼€è¿æ¥
2026-01-18 15:48:02 [[31mERROR[0m] [æ˜Ÿè¡¡é‡åŒ–å¹³å°.trade] [simulated] è¯·å…ˆè¿æ¥æœåŠ¡å™¨
2026-01-18 15:48:02 [[32mINFO[0m] [æ˜Ÿè¡¡é‡åŒ–å¹³å°.trade] [simulated] è¿æ¥æ¨¡æ‹Ÿäº¤æ˜“æœåŠ¡å™¨...
2026-01-18 15:48:02 [[32mINFO[0m] [æ˜Ÿè¡¡é‡åŒ–å¹³å°.trade] [simulated] è¿æ¥æˆåŠŸ
2026-01-18 15:48:02 [[32mINFO[0m] [æ˜Ÿè¡¡é‡åŒ–å¹³å°.trade] [simulated] ç™»å½•æ¨¡æ‹Ÿè´¦æˆ·...
2026-01-18 15:48:02 [[32mINFO[0m] [æ˜Ÿè¡¡é‡åŒ–å¹³å°.trade] [simulated] ç™»å½•æˆåŠŸ
2026-01-18 15:48:02 [[32mINFO[0m] [æ˜Ÿè¡¡é‡åŒ–å¹³å°.trade] [simulated] å§”æ‰˜å·²æäº¤: SIM00000001 000001 ä¹°å…¥ 1000è‚¡ @ 10.00
2026-01-18 15:48:02 [[32mINFO[0m] [æ˜Ÿè¡¡é‡åŒ–å¹³å°.trade] [simulated] å·²æ–­å¼€è¿æ¥
2026-01-18 15:48:02 [[32mINFO[0m] [æ˜Ÿè¡¡é‡åŒ–å¹³å°.trade] [simulated] è¿æ¥æ¨¡æ‹Ÿäº¤æ˜“æœåŠ¡å™¨...
2026-01-18 15:48:02 [[32mINFO[0m] [æ˜Ÿè¡¡é‡åŒ–å¹³å°.trade] [simulated] è¿æ¥æˆåŠŸ
2026-01-18 15:48:02 [[32mINFO[0m] [æ˜Ÿè¡¡é‡åŒ–å¹³å°.trade] [simulated] ç™»å½•æ¨¡æ‹Ÿè´¦æˆ·...
2026-01-18 15:48:03 [[32mINFO[0m] [æ˜Ÿè¡¡é‡åŒ–å¹³å°.trade] [simulated] ç™»å½•æˆåŠŸ
2026-01-18 15:48:03 [[32mINFO[0m] [æ˜Ÿè¡¡é‡åŒ–å¹³å°.trade] [simulated] å·²æ–­å¼€è¿æ¥
2026-01-18 15:48:03 [[32mINFO[0m] [æ˜Ÿè¡¡é‡åŒ–å¹³å°.trade] [simulated] è¿æ¥æ¨¡æ‹Ÿäº¤æ˜“æœåŠ¡å™¨...
2026-01-18 15:48:03 [[32mINFO[0m] [æ˜Ÿè¡¡é‡åŒ–å¹³å°.trade] [simulated] è¿æ¥æˆåŠŸ
2026-01-18 15:48:03 [[32mINFO[0m] [æ˜Ÿè¡¡é‡åŒ–å¹³å°.trade] [simulated] ç™»å½•æ¨¡æ‹Ÿè´¦æˆ·...
2026-01-18 15:48:03 [[32mINFO[0m] [æ˜Ÿè¡¡é‡åŒ–å¹³å°.trade] [simulated] ç™»å½•æˆåŠŸ
2026-01-18 15:48:03 [[32mINFO[0m] [æ˜Ÿè¡¡é‡åŒ–å¹³å°.trade] [simulated] å·²æ–­å¼€è¿æ¥
2026-01-18 15:48:03 [[32mINFO[0m] [æ˜Ÿè¡¡é‡åŒ–å¹³å°.trade] [simulated] è¿æ¥æ¨¡æ‹Ÿäº¤æ˜“æœåŠ¡å™¨...
2026-01-18 15:48:04 [[32mINFO[0m] [æ˜Ÿè¡¡é‡åŒ–å¹³å°.trade] [simulated] è¿æ¥æˆåŠŸ
2026-01-18 15:48:04 [[32mINFO[0m] [æ˜Ÿè¡¡é‡åŒ–å¹³å°.trade] [simulated] ç™»å½•æ¨¡æ‹Ÿè´¦æˆ·...
2026-01-18 15:48:04 [[32mINFO[0m] [æ˜Ÿè¡¡é‡åŒ–å¹³å°.trade] [simulated] ç™»å½•æˆåŠŸ
2026-01-18 15:48:04 [[32mINFO[0m] [æ˜Ÿè¡¡é‡åŒ–å¹³å°.trade] [simulated] å§”æ‰˜å·²æäº¤: SIM00000001 000001 ä¹°å…¥ 100è‚¡ @ 5.00
2026-01-18 15:48:04 [[32mINFO[0m] [æ˜Ÿè¡¡é‡åŒ–å¹³å°.trade] [simulated] è®¢å•å·²æ’¤é”€: SIM00000001
2026-01-18 15:48:04 [[32mINFO[0m] [æ˜Ÿè¡¡é‡åŒ–å¹³å°.trade] [simulated] å·²æ–­å¼€è¿æ¥
2026-01-18 15:48:04 [[32mINFO[0m] [æ˜Ÿè¡¡é‡åŒ–å¹³å°.trade] [simulated] è¿æ¥æ¨¡æ‹Ÿäº¤æ˜“æœåŠ¡å™¨...
2026-01-18 15:48:04 [[32mINFO[0m] [æ˜Ÿè¡¡é‡åŒ–å¹³å°.trade] [simulated] è¿æ¥æˆåŠŸ
2026-01-18 15:48:04 [[32mINFO[0m] [æ˜Ÿè¡¡é‡åŒ–å¹³å°.trade] [simulated] ç™»å½•æ¨¡æ‹Ÿè´¦æˆ·...
2026-01-18 15:48:04 [[32mINFO[0m] [æ˜Ÿè¡¡é‡åŒ–å¹³å°.trade] [simulated] ç™»å½•æˆåŠŸ
2026-01-18 15:48:05 [[32mINFO[0m] [æ˜Ÿè¡¡é‡åŒ–å¹³å°.trade] [simulated] å·²æ–­å¼€è¿æ¥
2026-01-18 15:48:05 [[32mINFO[0m] [æ˜Ÿè¡¡é‡åŒ–å¹³å°.trade] [simulated] è¿æ¥æ¨¡æ‹Ÿäº¤æ˜“æœåŠ¡å™¨...
2026-01-18 15:48:05 [[32mINFO[0m] [æ˜Ÿè¡¡é‡åŒ–å¹³å°.trade] [simulated] è¿æ¥æˆåŠŸ
2026-01-18 15:48:05 [[32mINFO[0m] [æ˜Ÿè¡¡é‡åŒ–å¹³å°.trade] [simulated] ç™»å½•æ¨¡æ‹Ÿè´¦æˆ·...
2026-01-18 15:48:05 [[32mINFO[0m] [æ˜Ÿè¡¡é‡åŒ–å¹³å°.trade] [simulated] ç™»å½•æˆåŠŸ
2026-01-18 15:48:05 [[32mINFO[0m] [æ˜Ÿè¡¡é‡åŒ–å¹³å°.trade] [simulated] å§”æ‰˜å·²æäº¤: SIM00000001 000001 ä¹°å…¥ 100è‚¡ @ 10.00
2026-01-18 15:48:05 [[32mINFO[0m] [æ˜Ÿè¡¡é‡åŒ–å¹³å°.trade] [simulated] è®¢å•æˆäº¤: SIM00000001 000001 ä¹°å…¥ 100è‚¡ @ 10.00
2026-01-18 15:48:05 [[32mINFO[0m] [æ˜Ÿè¡¡é‡åŒ–å¹³å°.trade] [simulated] å·²æ–­å¼€è¿æ¥
2026-01-18 15:48:05 [[32mINFO[0m] [æ˜Ÿè¡¡é‡åŒ–å¹³å°.trade] [simulated] è¿æ¥æ¨¡æ‹Ÿäº¤æ˜“æœåŠ¡å™¨...
2026-01-18 15:48:06 [[32mINFO[0m] [æ˜Ÿè¡¡é‡åŒ–å¹³å°.trade] [simulated] è¿æ¥æˆåŠŸ
2026-01-18 15:48:06 [[32mINFO[0m] [æ˜Ÿè¡¡é‡åŒ–å¹³å°.trade] [simulated] ç™»å½•æ¨¡æ‹Ÿè´¦æˆ·...
2026-01-18 15:48:06 [[32mINFO[0m] [æ˜Ÿè¡¡é‡åŒ–å¹³å°.trade] [simulated] ç™»å½•æˆåŠŸ
2026-01-18 15:48:06 [[32mINFO[0m] [æ˜Ÿè¡¡é‡åŒ–å¹³å°.trade] [simulated] å·²æ–­å¼€è¿æ¥
2026-01-18 15:48:06 [[32mINFO[0m] [æ˜Ÿè¡¡é‡åŒ–å¹³å°.trade] [simulated] è¿æ¥æ¨¡æ‹Ÿäº¤æ˜“æœåŠ¡å™¨...
2026-01-18 15:48:06 [[32mINFO[0m] [æ˜Ÿè¡¡é‡åŒ–å¹³å°.trade] [simulated] è¿æ¥æˆåŠŸ
2026-01-18 15:48:06 [[32mINFO[0m] [æ˜Ÿè¡¡é‡åŒ–å¹³å°.trade] [simulated] ç™»å½•æ¨¡æ‹Ÿè´¦æˆ·...
2026-01-18 15:48:06 [[32mINFO[0m] [æ˜Ÿè¡¡é‡åŒ–å¹³å°.trade] [simulated] ç™»å½•æˆåŠŸ
2026-01-18 15:48:06 [[32mINFO[0m] [æ˜Ÿè¡¡é‡åŒ–å¹³å°.trade] äº¤æ˜“å·²å¯åŠ¨
2026-01-18 15:48:06 [[32mINFO[0m] [æ˜Ÿè¡¡é‡åŒ–å¹³å°.trade] [simulated] å§”æ‰˜å·²æäº¤: SIM00000001 000001 ä¹°å…¥ 100è‚¡ @ 10.00
2026-01-18 15:48:07 [[32mINFO[0m] [æ˜Ÿè¡¡é‡åŒ–å¹³å°.trade] [simulated] è®¢å•æˆäº¤: SIM00000001 000001 ä¹°å…¥ 100è‚¡ @ 10.00
2026-01-18 15:48:07 [[32mINFO[0m] [æ˜Ÿè¡¡é‡åŒ–å¹³å°.trade] äº¤æ˜“å·²åœæ­¢
2026-01-18 15:48:07 [[32mINFO[0m] [æ˜Ÿè¡¡é‡åŒ–å¹³å°.trade] [simulated] å·²æ–­å¼€è¿æ¥
2026-01-18 15:48:07 [[32mINFO[0m] [æ˜Ÿè¡¡é‡åŒ–å¹³å°.trade] [simulated] è¿æ¥æ¨¡æ‹Ÿäº¤æ˜“æœåŠ¡å™¨...
2026-01-18 15:48:07 [[32mINFO[0m] [æ˜Ÿè¡¡é‡åŒ–å¹³å°.trade] [simulated] è¿æ¥æˆåŠŸ
2026-01-18 15:48:07 [[32mINFO[0m] [æ˜Ÿè¡¡é‡åŒ–å¹³å°.trade] [simulated] ç™»å½•æ¨¡æ‹Ÿè´¦æˆ·...
2026-01-18 15:48:07 [[32mINFO[0m] [æ˜Ÿè¡¡é‡åŒ–å¹³å°.trade] [simulated] ç™»å½•æˆåŠŸ
2026-01-18 15:48:07 [[32mINFO[0m] [æ˜Ÿè¡¡é‡åŒ–å¹³å°.trade] [simulated] å·²æ–­å¼€è¿æ¥
2026-01-18 15:48:07 [[32mINFO[0m] [æ˜Ÿè¡¡é‡åŒ–å¹³å°.trade] [simulated] è¿æ¥æ¨¡æ‹Ÿäº¤æ˜“æœåŠ¡å™¨...
2026-01-18 15:48:08 [[32mINFO[0m] [æ˜Ÿè¡¡é‡åŒ–å¹³å°.trade] [simulated] è¿æ¥æˆåŠŸ
2026-01-18 15:48:08 [[32mINFO[0m] [æ˜Ÿè¡¡é‡åŒ–å¹³å°.trade] [simulated] ç™»å½•æ¨¡æ‹Ÿè´¦æˆ·...
2026-01-18 15:48:08 [[32mINFO[0m] [æ˜Ÿè¡¡é‡åŒ–å¹³å°.trade] [simulated] ç™»å½•æˆåŠŸ
2026-01-18 15:48:08 [[32mINFO[0m] [æ˜Ÿè¡¡é‡åŒ–å¹³å°.trade] äº¤æ˜“å·²å¯åŠ¨
2026-01-18 15:48:08 [[32mINFO[0m] [æ˜Ÿè¡¡é‡åŒ–å¹³å°.trade] [simulated] å§”æ‰˜å·²æäº¤: SIM00000001 000001 ä¹°å…¥ 100è‚¡ @ 10.00
2026-01-18 15:48:08 [[32mINFO[0m] [æ˜Ÿè¡¡é‡åŒ–å¹³å°.trade] [simulated] è®¢å•æˆäº¤: SIM00000001 000001 ä¹°å…¥ 100è‚¡ @ 10.00
2026-01-18 15:48:08 [[32mINFO[0m] [æ˜Ÿè¡¡é‡åŒ–å¹³å°.trade] [simulated] å·²æ–­å¼€è¿æ¥
2026-01-18 15:48:08 [[32mINFO[0m] [æ˜Ÿè¡¡é‡åŒ–å¹³å°.trade] [REST-huatai] æ­£åœ¨è¿æ¥äº¤æ˜“ç½‘å…³...
2026-01-18 15:48:08 [[32mINFO[0m] [æ˜Ÿè¡¡é‡åŒ–å¹³å°.trade] [REST-huatai] è¿æ¥æˆåŠŸ
2026-01-18 15:48:08 [[32mINFO[0m] [æ˜Ÿè¡¡é‡åŒ–å¹³å°.trade] [REST-huatai] è´¦æˆ· mock_account ç™»å½•æˆåŠŸ
2026-01-18 15:48:08 [[32mINFO[0m] [æ˜Ÿè¡¡é‡åŒ–å¹³å°.trade] [REST-huatai] æ­£åœ¨è¿æ¥äº¤æ˜“ç½‘å…³...
2026-01-18 15:48:08 [[32mINFO[0m] [æ˜Ÿè¡¡é‡åŒ–å¹³å°.trade] [REST-huatai] è¿æ¥æˆåŠŸ
2026-01-18 15:48:08 [[32mINFO[0m] [æ˜Ÿè¡¡é‡åŒ–å¹³å°.trade] [REST-huatai] è´¦æˆ· mock_account ç™»å½•æˆåŠŸ
2026-01-18 15:48:08 [[32mINFO[0m] [æ˜Ÿè¡¡é‡åŒ–å¹³å°.trade] [REST-huatai] æ­£åœ¨è¿æ¥äº¤æ˜“ç½‘å…³...
2026-01-18 15:48:08 [[32mINFO[0m] [æ˜Ÿè¡¡é‡åŒ–å¹³å°.trade] [REST-huatai] è¿æ¥æˆåŠŸ
2026-01-18 15:48:08 [[32mINFO[0m] [æ˜Ÿè¡¡é‡åŒ–å¹³å°.trade] [REST-huatai] è´¦æˆ· mock_account ç™»å½•æˆåŠŸ
